<?xml version="1.0" encoding="UTF-8"?>
<testng-results skipped="0" failed="0" total="4" passed="4">
  <reporter-output>
  </reporter-output>
  <suite name="Default suite" duration-ms="8700" started-at="2022-09-09T07:37:45Z" finished-at="2022-09-09T07:37:54Z">
    <groups>
    </groups>
    <test name="Default test" duration-ms="8700" started-at="2022-09-09T07:37:45Z" finished-at="2022-09-09T07:37:54Z">
      <class name="com.test.wingify.QAWingifyAssignment">
        <test-method status="PASS" signature="lunchBrwoser()[pri:0, instance:com.test.wingify.QAWingifyAssignment@c038203]" name="lunchBrwoser" is-config="true" duration-ms="5381" started-at="2022-09-09T13:07:45Z" finished-at="2022-09-09T13:07:50Z">
          <reporter-output>
          </reporter-output>
        </test-method> <!-- lunchBrwoser -->
        <test-method status="PASS" signature="loginPageValidation()[pri:0, instance:com.test.wingify.QAWingifyAssignment@c038203]" name="loginPageValidation" duration-ms="503" started-at="2022-09-09T13:07:50Z" finished-at="2022-09-09T13:07:51Z">
          <reporter-output>
          </reporter-output>
        </test-method> <!-- loginPageValidation -->
        <test-method status="PASS" signature="loginwithInvalid()[pri:1, instance:com.test.wingify.QAWingifyAssignment@c038203]" name="loginwithInvalid" duration-ms="680" started-at="2022-09-09T13:07:51Z" finished-at="2022-09-09T13:07:52Z">
          <reporter-output>
          </reporter-output>
        </test-method> <!-- loginwithInvalid -->
        <test-method status="PASS" signature="logIn()[pri:2, instance:com.test.wingify.QAWingifyAssignment@c038203]" name="logIn" duration-ms="2028" started-at="2022-09-09T13:07:52Z" finished-at="2022-09-09T13:07:54Z">
          <reporter-output>
          </reporter-output>
        </test-method> <!-- logIn -->
        <test-method status="PASS" signature="homePageValidation()[pri:3, instance:com.test.wingify.QAWingifyAssignment@c038203]" name="homePageValidation" duration-ms="103" started-at="2022-09-09T13:07:54Z" finished-at="2022-09-09T13:07:54Z">
          <reporter-output>
          </reporter-output>
        </test-method> <!-- homePageValidation -->
        <test-method status="PASS" signature="CloseBrowser()[pri:0, instance:com.test.wingify.QAWingifyAssignment@c038203]" name="CloseBrowser" is-config="true" duration-ms="0" started-at="2022-09-09T13:07:54Z" finished-at="2022-09-09T13:07:54Z">
          <reporter-output>
          </reporter-output>
        </test-method> <!-- CloseBrowser -->
      </class> <!-- com.test.wingify.QAWingifyAssignment -->
    </test> <!-- Default test -->
  </suite> <!-- Default suite -->
</testng-results>
